<?xml version="1.0" encoding="UTF-8"?>
<!-- Generated by org.testng.reporters.JUnitReportReporter -->
<testsuite skipped="0" hostname="Timothy" name="com.dealertrack.testframeworks.TestNGwithDataProvider" tests="3" failures="0" timestamp="19 Jul 2017 13:21:37 GMT" time="0.018" errors="0">
  <testcase name="creditCarAppTest" time="0.010" classname="com.dealertrack.testframeworks.TestNGwithDataProvider"/>
  <testcase name="creditCarAppTest" time="0.002" classname="com.dealertrack.testframeworks.TestNGwithDataProvider"/>
  <testcase name="creditCarAppTest" time="0.006" classname="com.dealertrack.testframeworks.TestNGwithDataProvider"/>
</testsuite> <!-- com.dealertrack.testframeworks.TestNGwithDataProvider -->
