<?xml version="1.0" encoding="UTF-8"?>
<!-- Generated by org.testng.reporters.JUnitReportReporter -->
<testsuite skipped="0" hostname="Timothy" name="com.dealertrack.testframeworks.CrossBrowserTesting" tests="1" failures="0" timestamp="19 Jul 2017 17:28:05 GMT" time="8.073" errors="0">
  <testcase name="testBrowser" time="8.073" classname="com.dealertrack.testframeworks.CrossBrowserTesting"/>
</testsuite> <!-- com.dealertrack.testframeworks.CrossBrowserTesting -->
