<?xml version="1.0" encoding="UTF-8"?>
<!-- Generated by org.testng.reporters.JUnitReportReporter -->
<testsuite skipped="0" hostname="Timothy" name="com.dealertrack.tests.CSVLoginTest" tests="1" failures="0" timestamp="20 Jul 2017 14:11:12 GMT" time="0.009" errors="0">
  <testcase name="loginTestOneTestCase" time="0.009" classname="com.dealertrack.tests.CSVLoginTest"/>
</testsuite> <!-- com.dealertrack.tests.CSVLoginTest -->
