<?xml version="1.0" encoding="UTF-8"?>
<!-- Generated by org.testng.reporters.JUnitReportReporter -->
<testsuite skipped="0" hostname="Timothy" name="com.dealertrack.testframeworks.TestNGTesting" tests="2" failures="0" timestamp="19 Jul 2017 13:21:37 GMT" time="0.004" errors="0">
  <testcase name="myTestNGTest" time="0.002" classname="com.dealertrack.testframeworks.TestNGTesting"/>
  <testcase name="myTestNGTest2" time="0.002" classname="com.dealertrack.testframeworks.TestNGTesting"/>
</testsuite> <!-- com.dealertrack.testframeworks.TestNGTesting -->
