<?xml version="1.0" encoding="UTF-8"?>
<!-- Generated by org.testng.reporters.JUnitReportReporter -->
<testsuite skipped="0" hostname="Timothy" name="com.dealertrack.tests.DealerTrackCarFinance" tests="1" failures="0" timestamp="20 Jul 2017 17:22:20 GMT" time="36.389" errors="0">
  <testcase name="checkFinance" time="36.389" classname="com.dealertrack.tests.DealerTrackCarFinance"/>
</testsuite> <!-- com.dealertrack.tests.DealerTrackCarFinance -->
