<?xml version="1.0" encoding="UTF-8"?>
<!-- Generated by org.testng.reporters.JUnitReportReporter -->
<testsuite skipped="0" hostname="Timothy" name="com.dealertrack.tests.ReadExcelTest" tests="1" failures="0" timestamp="26 Jul 2017 12:46:37 GMT" time="0.194" errors="0">
  <testcase name="excelTest" time="0.194" classname="com.dealertrack.tests.ReadExcelTest"/>
</testsuite> <!-- com.dealertrack.tests.ReadExcelTest -->
